<?xml version="1.0" encoding="UTF-8"?>
<!-- Generated by org.testng.reporters.JUnitXMLReporter -->
<testsuite ignored="0" hostname="Potatos-Mac.local" failures="0" tests="3" name="Regresion test for 1.5.35" time="18.599" errors="0" timestamp="2020-02-12T16:58:35 WIB">
  <testcase classname="TestCases.AuthenticationUserSignIn" name="A_001_LoginwithValidCredential" time="2.655"/>
  <testcase classname="TestCases.AuthenticationUserSignIn" name="A_002_LoginwithInvalidEmail" time="6.598"/>
  <testcase classname="TestCases.AuthenticationUserSignIn" name="A_003_LoginwithInvalidPassword" time="4.379"/>
</testsuite> <!-- Regresion test for 1.5.35 -->
