<?xml version="1.0" encoding="UTF-8"?>
<!-- Generated by org.testng.reporters.JUnitXMLReporter -->
<testsuite ignored="46" hostname="Potatos-Mac.local" failures="0" tests="2" name="Regresion test for 1.5.35" time="18.027" errors="0" timestamp="2020-02-28T17:14:23 WIB">
  <testcase classname="TestCases.Customer" name="login" time="5.544"/>
  <testcase classname="TestCases.Customer" name="G_003_EditCustomer" time="9.47"/>
  <testcase classname="TestCases.Series" name="C_001_DisplayofPlaylistList" time="0.0">
    <ignored/>
  </testcase> <!-- C_001_DisplayofPlaylistList -->
  <testcase classname="TestCases.Series" name="login" time="0.0">
    <ignored/>
  </testcase> <!-- login -->
  <testcase classname="TestCases.AppConfiguration" name="F_003_DeleteAppConfiguration" time="0.0">
    <ignored/>
  </testcase> <!-- F_003_DeleteAppConfiguration -->
  <testcase classname="TestCases.AppConfiguration" name="login" time="0.0">
    <ignored/>
  </testcase> <!-- login -->
  <testcase classname="bases.BaseWeb" name="@BeforeSuite settupTestingData" time="0.0">
    <ignored/>
  </testcase> <!-- @BeforeSuite settupTestingData -->
  <testcase classname="bases.BaseWeb" name="@BeforeSuite settupTestingData" time="0.0">
    <ignored/>
  </testcase> <!-- @BeforeSuite settupTestingData -->
  <testcase classname="bases.BaseWeb" name="@BeforeSuite settupTestingData" time="0.0">
    <ignored/>
  </testcase> <!-- @BeforeSuite settupTestingData -->
  <testcase classname="bases.BaseWeb" name="@BeforeSuite settupTestingData" time="0.0">
    <ignored/>
  </testcase> <!-- @BeforeSuite settupTestingData -->
  <testcase classname="bases.BaseWeb" name="@BeforeSuite settupTestingData" time="0.0">
    <ignored/>
  </testcase> <!-- @BeforeSuite settupTestingData -->
  <testcase classname="bases.BaseWeb" name="@BeforeSuite settupTestingData" time="0.0">
    <ignored/>
  </testcase> <!-- @BeforeSuite settupTestingData -->
  <testcase classname="TestCases.Events" name="D_004_DeleteEvent" time="0.0">
    <ignored/>
  </testcase> <!-- D_004_DeleteEvent -->
  <testcase classname="TestCases.Playlist" name="C_007_DeleteMoviesPlaylist" time="0.0">
    <ignored/>
  </testcase> <!-- C_007_DeleteMoviesPlaylist -->
  <testcase classname="TestCases.AuthenticationUserSignIn" name="A_002_LoginwithInvalidEmail" time="0.0">
    <ignored/>
  </testcase> <!-- A_002_LoginwithInvalidEmail -->
  <testcase classname="TestCases.Series" name="C_004_DeleteSeries" time="0.0">
    <ignored/>
  </testcase> <!-- C_004_DeleteSeries -->
  <testcase classname="TestCases.Playlist" name="C_004_DeleteSeriesPlaylist" time="0.0">
    <ignored/>
  </testcase> <!-- C_004_DeleteSeriesPlaylist -->
  <testcase classname="TestCases.AuthenticationUserSignIn" name="A_001_LoginwithValidCredential" time="0.0">
    <ignored/>
  </testcase> <!-- A_001_LoginwithValidCredential -->
  <testcase classname="TestCases.AppPages" name="B_004_editAppPage" time="0.0">
    <ignored/>
  </testcase> <!-- B_004_editAppPage -->
  <testcase classname="TestCases.Playlist" name="C_005_CreateNewMoviesPlaylist" time="0.0">
    <ignored/>
  </testcase> <!-- C_005_CreateNewMoviesPlaylist -->
  <testcase classname="bases.BaseWeb" name="@BeforeSuite deleteScreenShot" time="0.0">
    <ignored/>
  </testcase> <!-- @BeforeSuite deleteScreenShot -->
  <testcase classname="bases.BaseWeb" name="@BeforeSuite deleteScreenShot" time="0.0">
    <ignored/>
  </testcase> <!-- @BeforeSuite deleteScreenShot -->
  <testcase classname="bases.BaseWeb" name="@BeforeSuite deleteScreenShot" time="0.0">
    <ignored/>
  </testcase> <!-- @BeforeSuite deleteScreenShot -->
  <testcase classname="bases.BaseWeb" name="@BeforeSuite deleteScreenShot" time="0.0">
    <ignored/>
  </testcase> <!-- @BeforeSuite deleteScreenShot -->
  <testcase classname="bases.BaseWeb" name="@BeforeSuite deleteScreenShot" time="0.0">
    <ignored/>
  </testcase> <!-- @BeforeSuite deleteScreenShot -->
  <testcase classname="bases.BaseWeb" name="@BeforeSuite deleteScreenShot" time="0.0">
    <ignored/>
  </testcase> <!-- @BeforeSuite deleteScreenShot -->
  <testcase classname="TestCases.Playlist" name="C_002_CreateNewSeriesPlaylist" time="0.0">
    <ignored/>
  </testcase> <!-- C_002_CreateNewSeriesPlaylist -->
  <testcase classname="TestCases.AppPages" name="login" time="0.0">
    <ignored/>
  </testcase> <!-- login -->
  <testcase classname="TestCases.Playlist" name="C_003_EditSeriesPlaylist" time="0.0">
    <ignored/>
  </testcase> <!-- C_003_EditSeriesPlaylist -->
  <testcase classname="TestCases.Series" name="C_003_EditSeries" time="0.0">
    <ignored/>
  </testcase> <!-- C_003_EditSeries -->
  <testcase classname="TestCases.AuthenticationUserSignIn" name="A_003_LoginwithInvalidPassword" time="0.0">
    <ignored/>
  </testcase> <!-- A_003_LoginwithInvalidPassword -->
  <testcase classname="TestCases.Events" name="login" time="0.0">
    <ignored/>
  </testcase> <!-- login -->
  <testcase classname="TestCases.Series" name="C_002_CreateNewSeries" time="0.0">
    <ignored/>
  </testcase> <!-- C_002_CreateNewSeries -->
  <testcase classname="TestCases.Events" name="D_001_CheckEventList" time="0.0">
    <ignored/>
  </testcase> <!-- D_001_CheckEventList -->
  <testcase classname="TestCases.AppPages" name="B_003_searchAvailableAppPage" time="0.0">
    <ignored/>
  </testcase> <!-- B_003_searchAvailableAppPage -->
  <testcase classname="TestCases.AppConfiguration" name="F_001_DisplayofPlaylistList" time="0.0">
    <ignored/>
  </testcase> <!-- F_001_DisplayofPlaylistList -->
  <testcase classname="TestCases.Customer" name="G_001_CheckEventList" time="0.0">
    <ignored/>
  </testcase> <!-- G_001_CheckEventList -->
  <testcase classname="TestCases.Customer" name="G_002_CreateNewCustomer" time="0.0">
    <ignored/>
  </testcase> <!-- G_002_CreateNewCustomer -->
  <testcase classname="TestCases.AppPages" name="B_001_displayOfListPage" time="0.0">
    <ignored/>
  </testcase> <!-- B_001_displayOfListPage -->
  <testcase classname="TestCases.AppConfiguration" name="F_002_CreateNewAppConfiguration" time="0.0">
    <ignored/>
  </testcase> <!-- F_002_CreateNewAppConfiguration -->
  <testcase classname="TestCases.Events" name="D_002_CreateNew" time="0.0">
    <ignored/>
  </testcase> <!-- D_002_CreateNew -->
  <testcase classname="TestCases.AppConfiguration" name="F_002_EditppConfiguration" time="0.0">
    <ignored/>
  </testcase> <!-- F_002_EditppConfiguration -->
  <testcase classname="TestCases.Events" name="D_003_EditEvent" time="0.0">
    <ignored/>
  </testcase> <!-- D_003_EditEvent -->
  <testcase classname="TestCases.AppPages" name="B_005_deleteAppPage" time="0.0">
    <ignored/>
  </testcase> <!-- B_005_deleteAppPage -->
  <testcase classname="TestCases.Playlist" name="login" time="0.0">
    <ignored/>
  </testcase> <!-- login -->
  <testcase classname="TestCases.Playlist" name="C_001_DisplayofPlaylistList" time="0.0">
    <ignored/>
  </testcase> <!-- C_001_DisplayofPlaylistList -->
  <testcase classname="TestCases.Playlist" name="C_006_EditMoviesPlaylist" time="0.0">
    <ignored/>
  </testcase> <!-- C_006_EditMoviesPlaylist -->
  <testcase classname="TestCases.AppPages" name="B_002_CreateNewKeyPage" time="0.0">
    <ignored/>
  </testcase> <!-- B_002_CreateNewKeyPage -->
</testsuite> <!-- Regresion test for 1.5.35 -->
