<?xml version="1.0" encoding="UTF-8"?>
<!-- Generated by org.testng.reporters.JUnitXMLReporter -->
<testsuite ignored="5" hostname="Potatos-Mac.local" failures="0" tests="1" name="Regresion test for 1.5.35" time="6.286" errors="0" timestamp="2020-02-12T10:51:27 WIB">
  <testcase classname="TestCases.AuthenticationUserSignIn" name="A_001_AuthenticationWithUnregisteredCompanyUser" time="2.552"/>
  <testcase classname="TestCases.AuthenticationUserSignIn" name="A_004_AuthenticationWithEmptyCompanyUserName" time="0.0">
    <ignored/>
  </testcase> <!-- A_004_AuthenticationWithEmptyCompanyUserName -->
  <testcase classname="TestCases.AuthenticationUserSignIn" name="A_006_AuthenticationWithEmptyPassword" time="0.0">
    <ignored/>
  </testcase> <!-- A_006_AuthenticationWithEmptyPassword -->
  <testcase classname="TestCases.AuthenticationUserSignIn" name="A_002_AuthenticationWithUnregisteredUserName" time="0.0">
    <ignored/>
  </testcase> <!-- A_002_AuthenticationWithUnregisteredUserName -->
  <testcase classname="TestCases.AuthenticationUserSignIn" name="A_003_AuthenticationWithInvalidPassword" time="0.0">
    <ignored/>
  </testcase> <!-- A_003_AuthenticationWithInvalidPassword -->
  <testcase classname="TestCases.AuthenticationUserSignIn" name="A_005_AuthenticationWithEmptyUserName" time="0.0">
    <ignored/>
  </testcase> <!-- A_005_AuthenticationWithEmptyUserName -->
</testsuite> <!-- Regresion test for 1.5.35 -->
