<?xml version="1.0" encoding="UTF-8"?>
<testsuite xmlns:xsi="http://www.w3.org/2001/XMLSchema-instance" xsi:noNamespaceSchemaLocation="https://maven.apache.org/surefire/maven-surefire-plugin/xsd/surefire-test-report.xsd" name="qadepartment.AppTest" time="0.778" tests="2" errors="0" skipped="0" failures="1">
  <properties>
[...]
</properties>
  <testcase name="shouldAnswerWithTrue" classname="qadepartment.AppTest" time="0.036"/>
  <testcase name="shouldAnswerWithTrue2" classname="qadepartment.AppTest" time="0.015">
    <failure message="did not expect to find [true] but found [false]" type="java.lang.AssertionError">java.lang.AssertionError: did not expect to find [true] but found [false]
	at qadepartment.AppTest.shouldAnswerWithTrue2(AppTest.java:25)
</failure>
    <system-out><![CDATA[test
]]></system-out>
  </testcase>
</testsuite>