<?xml version="1.0" encoding="UTF-8"?>
<testsuite name="TestSuite" time="27.37" tests="2" errors="0" skipped="0" failures="1">
  <properties>
[...]
</properties>
  <testcase name="login" classname="TestCases.AppPages" time="5.666"/>
  <testcase name="B_004_editAppPage" classname="TestCases.AppPages" time="21.704">
    <failure message="no such element: Unable to locate element: {&quot;method&quot;:&quot;xpath&quot;,&quot;selector&quot;:&quot;//*[@id=&quot;root&quot;]/div[1]/div[2]/div[2]/form/div/div[4]/div/div[1]/button&quot;}&#10;  (Session info: chrome=80.0.3987.100)&#10;For documentation on this error, please visit: http://seleniumhq.org/exceptions/no_such_element.html&#10;Build info: version: &apos;3.14.0&apos;, revision: &apos;aacccce0&apos;, time: &apos;2018-08-02T20:19:58.91Z&apos;&#10;System info: host: &apos;Potatos-Mac.local&apos;, ip: &apos;fe80:0:0:0:8a1:153:e79:bbff%en0&apos;, os.name: &apos;Mac OS X&apos;, os.arch: &apos;x86_64&apos;, os.version: &apos;10.14&apos;, java.version: &apos;9.0.1&apos;&#10;Driver info: org.openqa.selenium.chrome.ChromeDriver&#10;Capabilities {acceptInsecureCerts: false, browserName: chrome, browserVersion: 80.0.3987.100, chrome: {chromedriverVersion: 79.0.3945.36 (3582db32b3389..., userDataDir: /var/folders/pz/vbvlmv8j3s1...}, goog:chromeOptions: {debuggerAddress: localhost:64885}, javascriptEnabled: true, networkConnectionEnabled: false, pageLoadStrategy: normal, platform: MAC, platformName: MAC, proxy: Proxy(), setWindowRect: true, strictFileInteractability: false, timeouts: {implicit: 0, pageLoad: 300000, script: 30000}, unhandledPromptBehavior: dismiss and notify}&#10;Session ID: d39c37275fbdf8e04e6e4099787e910f&#10;*** Element info: {Using=xpath, value=//*[@id=&quot;root&quot;]/div[1]/div[2]/div[2]/form/div/div[4]/div/div[1]/button}" type="org.openqa.selenium.NoSuchElementException">org.openqa.selenium.NoSuchElementException: no such element: Unable to locate element: {"method":"xpath","selector":"//*[@id="root"]/div[1]/div[2]/div[2]/form/div/div[4]/div/div[1]/button"}
  (Session info: chrome=80.0.3987.100)
For documentation on this error, please visit: http://seleniumhq.org/exceptions/no_such_element.html
Build info: version: '3.14.0', revision: 'aacccce0', time: '2018-08-02T20:19:58.91Z'
System info: host: 'Potatos-Mac.local', ip: 'fe80:0:0:0:8a1:153:e79:bbff%en0', os.name: 'Mac OS X', os.arch: 'x86_64', os.version: '10.14', java.version: '9.0.1'
Driver info: org.openqa.selenium.chrome.ChromeDriver
Capabilities {acceptInsecureCerts: false, browserName: chrome, browserVersion: 80.0.3987.100, chrome: {chromedriverVersion: 79.0.3945.36 (3582db32b3389..., userDataDir: /var/folders/pz/vbvlmv8j3s1...}, goog:chromeOptions: {debuggerAddress: localhost:64885}, javascriptEnabled: true, networkConnectionEnabled: false, pageLoadStrategy: normal, platform: MAC, platformName: MAC, proxy: Proxy(), setWindowRect: true, strictFileInteractability: false, timeouts: {implicit: 0, pageLoad: 300000, script: 30000}, unhandledPromptBehavior: dismiss and notify}
Session ID: d39c37275fbdf8e04e6e4099787e910f
*** Element info: {Using=xpath, value=//*[@id="root"]/div[1]/div[2]/div[2]/form/div/div[4]/div/div[1]/button}
	at java.base/jdk.internal.reflect.NativeConstructorAccessorImpl.newInstance0(Native Method)
	at java.base/jdk.internal.reflect.NativeConstructorAccessorImpl.newInstance(NativeConstructorAccessorImpl.java:62)
	at java.base/jdk.internal.reflect.DelegatingConstructorAccessorImpl.newInstance(DelegatingConstructorAccessorImpl.java:45)
	at java.base/java.lang.reflect.Constructor.newInstance(Constructor.java:488)
	at org.openqa.selenium.remote.http.W3CHttpResponseCodec.createException(W3CHttpResponseCodec.java:187)
	at org.openqa.selenium.remote.http.W3CHttpResponseCodec.decode(W3CHttpResponseCodec.java:122)
	at org.openqa.selenium.remote.http.W3CHttpResponseCodec.decode(W3CHttpResponseCodec.java:49)
	at org.openqa.selenium.remote.HttpCommandExecutor.execute(HttpCommandExecutor.java:158)
	at org.openqa.selenium.remote.service.DriverCommandExecutor.execute(DriverCommandExecutor.java:83)
	at org.openqa.selenium.remote.RemoteWebDriver.execute(RemoteWebDriver.java:548)
	at org.openqa.selenium.remote.RemoteWebDriver.findElement(RemoteWebDriver.java:322)
	at org.openqa.selenium.remote.RemoteWebDriver.findElementByXPath(RemoteWebDriver.java:424)
	at org.openqa.selenium.By$ByXPath.findElement(By.java:353)
	at org.openqa.selenium.remote.RemoteWebDriver.findElement(RemoteWebDriver.java:314)
	at org.openqa.selenium.support.pagefactory.DefaultElementLocator.findElement(DefaultElementLocator.java:69)
	at org.openqa.selenium.support.pagefactory.internal.LocatingElementHandler.invoke(LocatingElementHandler.java:38)
	at com.sun.proxy.$Proxy13.click(Unknown Source)
	at pages.AppPagesPage.clickAddPlaylistButton(AppPagesPage.java:196)
	at TestCases.AppPages.B_004_editAppPage(AppPages.java:97)
</failure>
    <system-out><![CDATA[---!---B_004_editAppPage------
Begin to edit data
no such element: Unable to locate element: {"method":"xpath","selector":"//*[@id="root"]/div[1]/div[2]/div[2]/form/div/div[4]/div/div[1]/button"}
  (Session info: chrome=80.0.3987.100)
For documentation on this error, please visit: http://seleniumhq.org/exceptions/no_such_element.html
Build info: version: '3.14.0', revision: 'aacccce0', time: '2018-08-02T20:19:58.91Z'
System info: host: 'Potatos-Mac.local', ip: 'fe80:0:0:0:8a1:153:e79:bbff%en0', os.name: 'Mac OS X', os.arch: 'x86_64', os.version: '10.14', java.version: '9.0.1'
Driver info: org.openqa.selenium.chrome.ChromeDriver
Capabilities {acceptInsecureCerts: false, browserName: chrome, browserVersion: 80.0.3987.100, chrome: {chromedriverVersion: 79.0.3945.36 (3582db32b3389..., userDataDir: /var/folders/pz/vbvlmv8j3s1...}, goog:chromeOptions: {debuggerAddress: localhost:64885}, javascriptEnabled: true, networkConnectionEnabled: false, pageLoadStrategy: normal, platform: MAC, platformName: MAC, proxy: Proxy(), setWindowRect: true, strictFileInteractability: false, timeouts: {implicit: 0, pageLoad: 300000, script: 30000}, unhandledPromptBehavior: dismiss and notify}
Session ID: d39c37275fbdf8e04e6e4099787e910f
*** Element info: {Using=xpath, value=//*[@id="root"]/div[1]/div[2]/div[2]/form/div/div[4]/div/div[1]/button}
-Fail-
]]></system-out>
  </testcase>
</testsuite>