<?xml version="1.0" encoding="UTF-8"?>
<testng-results ignored="0" total="3" passed="3" failed="0" skipped="0">
  <reporter-output>
  </reporter-output>
  <suite started-at="2020-02-12T16:58:16 WIB" name="MySuite" finished-at="2020-02-12T16:58:35 WIB" duration-ms="18599">
    <groups>
    </groups>
    <test started-at="2020-02-12T16:58:16 WIB" name="Regresion test for 1.5.35" finished-at="2020-02-12T16:58:35 WIB" duration-ms="18599">
      <class name="TestCases.AuthenticationUserSignIn">
        <test-method is-config="true" signature="deleteScreenShot()[pri:0, instance:TestCases.AuthenticationUserSignIn@1bb266b3]" started-at="2020-02-12T16:58:16 WIB" name="deleteScreenShot" finished-at="2020-02-12T16:58:16 WIB" duration-ms="16" status="PASS">
          <reporter-output>
          </reporter-output>
        </test-method> <!-- deleteScreenShot -->
        <test-method is-config="true" signature="settupTestingData()[pri:0, instance:TestCases.AuthenticationUserSignIn@1bb266b3]" started-at="2020-02-12T16:58:16 WIB" name="settupTestingData" finished-at="2020-02-12T16:58:16 WIB" duration-ms="0" status="PASS">
          <reporter-output>
          </reporter-output>
        </test-method> <!-- settupTestingData -->
        <test-method is-config="true" signature="setBaseConfig(java.lang.String)[pri:0, instance:TestCases.AuthenticationUserSignIn@1bb266b3]" started-at="2020-02-12T16:58:16 WIB" name="setBaseConfig" finished-at="2020-02-12T16:58:21 WIB" duration-ms="4809" status="PASS">
          <params>
            <param index="0">
              <value>
                <![CDATA[chrome]]>
              </value>
            </param>
          </params>
          <reporter-output>
          </reporter-output>
        </test-method> <!-- setBaseConfig -->
        <test-method signature="A_001_LoginwithValidCredential()[pri:0, instance:TestCases.AuthenticationUserSignIn@1bb266b3]" started-at="2020-02-12T16:58:21 WIB" name="A_001_LoginwithValidCredential" finished-at="2020-02-12T16:58:24 WIB" duration-ms="2655" status="PASS">
          <reporter-output>
          </reporter-output>
        </test-method> <!-- A_001_LoginwithValidCredential -->
        <test-method signature="A_002_LoginwithInvalidEmail()[pri:0, instance:TestCases.AuthenticationUserSignIn@1bb266b3]" started-at="2020-02-12T16:58:24 WIB" name="A_002_LoginwithInvalidEmail" finished-at="2020-02-12T16:58:30 WIB" duration-ms="6598" status="PASS">
          <reporter-output>
          </reporter-output>
        </test-method> <!-- A_002_LoginwithInvalidEmail -->
        <test-method signature="A_003_LoginwithInvalidPassword()[pri:0, instance:TestCases.AuthenticationUserSignIn@1bb266b3]" started-at="2020-02-12T16:58:30 WIB" name="A_003_LoginwithInvalidPassword" finished-at="2020-02-12T16:58:35 WIB" duration-ms="4379" status="PASS">
          <reporter-output>
          </reporter-output>
        </test-method> <!-- A_003_LoginwithInvalidPassword -->
        <test-method is-config="true" signature="quitDriver()[pri:0, instance:TestCases.AuthenticationUserSignIn@1bb266b3]" started-at="2020-02-12T16:58:35 WIB" name="quitDriver" finished-at="2020-02-12T16:58:35 WIB" duration-ms="106" status="PASS">
          <reporter-output>
          </reporter-output>
        </test-method> <!-- quitDriver -->
      </class> <!-- TestCases.AuthenticationUserSignIn -->
    </test> <!-- Regresion test for 1.5.35 -->
  </suite> <!-- MySuite -->
</testng-results>
