<?xml version="1.0" encoding="UTF-8"?>
<testng-results ignored="46" total="48" passed="2" failed="0" skipped="0">
  <reporter-output>
  </reporter-output>
  <suite started-at="2020-03-02T14:55:04 WIB" name="MySuite" finished-at="2020-03-02T14:55:22 WIB" duration-ms="18406">
    <groups>
    </groups>
    <test started-at="2020-03-02T14:55:04 WIB" name="Regresion test for 1.5.35" finished-at="2020-03-02T14:55:22 WIB" duration-ms="18406">
      <class name="TestCases.AuthenticationUserSignIn">
        <test-method is-config="true" signature="deleteScreenShot()[pri:0, instance:TestCases.AuthenticationUserSignIn@61386958]" started-at="2020-03-02T14:55:04 WIB" name="deleteScreenShot" finished-at="2020-03-02T14:55:04 WIB" duration-ms="35" status="PASS">
          <reporter-output>
          </reporter-output>
        </test-method> <!-- deleteScreenShot -->
        <test-method is-config="true" signature="settupTestingData()[pri:0, instance:TestCases.AuthenticationUserSignIn@61386958]" started-at="2020-03-02T14:55:04 WIB" name="settupTestingData" finished-at="2020-03-02T14:55:04 WIB" duration-ms="0" status="PASS">
          <reporter-output>
          </reporter-output>
        </test-method> <!-- settupTestingData -->
      </class> <!-- TestCases.AuthenticationUserSignIn -->
      <class name="TestCases.Customer">
        <test-method is-config="true" signature="setBaseConfig(java.lang.String, java.lang.String)[pri:0, instance:TestCases.Customer@7671cb68]" started-at="2020-03-02T14:55:04 WIB" name="setBaseConfig" finished-at="2020-03-02T14:55:07 WIB" duration-ms="3599" status="PASS">
          <params>
            <param index="0">
              <value>
                <![CDATA[chrome]]>
              </value>
            </param>
            <param index="1">
              <value>
                <![CDATA[true]]>
              </value>
            </param>
          </params>
          <reporter-output>
          </reporter-output>
        </test-method> <!-- setBaseConfig -->
        <test-method signature="login()[pri:0, instance:TestCases.Customer@7671cb68]" started-at="2020-03-02T14:55:07 WIB" name="login" finished-at="2020-03-02T14:55:13 WIB" duration-ms="5650" status="PASS">
          <reporter-output>
          </reporter-output>
        </test-method> <!-- login -->
        <test-method signature="G_003_EditCustomer()[pri:0, instance:TestCases.Customer@7671cb68]" started-at="2020-03-02T14:55:13 WIB" name="G_003_EditCustomer" finished-at="2020-03-02T14:55:22 WIB" duration-ms="9008" status="PASS">
          <reporter-output>
          </reporter-output>
        </test-method> <!-- G_003_EditCustomer -->
        <test-method is-config="true" signature="quitDriver()[pri:0, instance:TestCases.Customer@7671cb68]" started-at="2020-03-02T14:55:22 WIB" name="quitDriver" finished-at="2020-03-02T14:55:22 WIB" duration-ms="99" status="PASS">
          <reporter-output>
          </reporter-output>
        </test-method> <!-- quitDriver -->
      </class> <!-- TestCases.Customer -->
    </test> <!-- Regresion test for 1.5.35 -->
  </suite> <!-- MySuite -->
</testng-results>
